<?xml version="1.0" encoding="UTF-8"?>
<testsuites>
  <testsuite name="fastlane.lanes">
    
    
    
      
      <testcase classname="fastlane.lanes" name="0: default_platform" time="0.000226206">
        
      </testcase>
    
      
      <testcase classname="fastlane.lanes" name="1: lint" time="22.641938599">
        
          <failure message="/home/vitorpy/.rvm/gems/ruby-3.3.6/gems/fastlane-2.228.0/fastlane/lib/fastlane/actions/actions_helper.rb:67:in `execute_action&apos;&#10;/home/vitorpy/.rvm/gems/ruby-3.3.6/gems/fastlane-2.228.0/fastlane/lib/fastlane/runner.rb:255:in `block in execute_action&apos;&#10;/home/vitorpy/.rvm/gems/ruby-3.3.6/gems/fastlane-2.228.0/fastlane/lib/fastlane/runner.rb:229:in `chdir&apos;&#10;/home/vitorpy/.rvm/gems/ruby-3.3.6/gems/fastlane-2.228.0/fastlane/lib/fastlane/runner.rb:229:in `execute_action&apos;&#10;/home/vitorpy/.rvm/gems/ruby-3.3.6/gems/fastlane-2.228.0/fastlane/lib/fastlane/runner.rb:157:in `trigger_action_by_name&apos;&#10;/home/vitorpy/.rvm/gems/ruby-3.3.6/gems/fastlane-2.228.0/fastlane/lib/fastlane/fast_file.rb:159:in `method_missing&apos;&#10;Fastfile:73:in `block (2 levels) in parsing_binding&apos;&#10;/home/vitorpy/.rvm/gems/ruby-3.3.6/gems/fastlane-2.228.0/fastlane/lib/fastlane/lane.rb:41:in `call&apos;&#10;/home/vitorpy/.rvm/gems/ruby-3.3.6/gems/fastlane-2.228.0/fastlane/lib/fastlane/runner.rb:49:in `block in execute&apos;&#10;/home/vitorpy/.rvm/gems/ruby-3.3.6/gems/fastlane-2.228.0/fastlane/lib/fastlane/runner.rb:45:in `chdir&apos;&#10;/home/vitorpy/.rvm/gems/ruby-3.3.6/gems/fastlane-2.228.0/fastlane/lib/fastlane/runner.rb:45:in `execute&apos;&#10;/home/vitorpy/.rvm/gems/ruby-3.3.6/gems/fastlane-2.228.0/fastlane/lib/fastlane/lane_manager.rb:46:in `cruise_lane&apos;&#10;/home/vitorpy/.rvm/gems/ruby-3.3.6/gems/fastlane-2.228.0/fastlane/lib/fastlane/command_line_handler.rb:34:in `handle&apos;&#10;/home/vitorpy/.rvm/gems/ruby-3.3.6/gems/fastlane-2.228.0/fastlane/lib/fastlane/commands_generator.rb:110:in `block (2 levels) in run&apos;&#10;/home/vitorpy/.rvm/gems/ruby-3.3.6/gems/commander-4.6.0/lib/commander/command.rb:187:in `call&apos;&#10;/home/vitorpy/.rvm/gems/ruby-3.3.6/gems/commander-4.6.0/lib/commander/command.rb:157:in `run&apos;&#10;/home/vitorpy/.rvm/gems/ruby-3.3.6/gems/commander-4.6.0/lib/commander/runner.rb:444:in `run_active_command&apos;&#10;/home/vitorpy/.rvm/gems/ruby-3.3.6/gems/fastlane-2.228.0/fastlane_core/lib/fastlane_core/ui/fastlane_runner.rb:124:in `run!&apos;&#10;/home/vitorpy/.rvm/gems/ruby-3.3.6/gems/commander-4.6.0/lib/commander/delegates.rb:18:in `run!&apos;&#10;/home/vitorpy/.rvm/gems/ruby-3.3.6/gems/fastlane-2.228.0/fastlane/lib/fastlane/commands_generator.rb:363:in `run&apos;&#10;/home/vitorpy/.rvm/gems/ruby-3.3.6/gems/fastlane-2.228.0/fastlane/lib/fastlane/commands_generator.rb:43:in `start&apos;&#10;/home/vitorpy/.rvm/gems/ruby-3.3.6/gems/fastlane-2.228.0/fastlane/lib/fastlane/cli_tools_distributor.rb:123:in `take_off&apos;&#10;/home/vitorpy/.rvm/gems/ruby-3.3.6/gems/fastlane-2.228.0/bin/fastlane:23:in `&lt;top (required)&gt;&apos;&#10;/home/vitorpy/.rvm/gems/ruby-3.3.6/bin/fastlane:25:in `load&apos;&#10;/home/vitorpy/.rvm/gems/ruby-3.3.6/bin/fastlane:25:in `&lt;main&gt;&apos;&#10;/home/vitorpy/.rvm/gems/ruby-3.3.6/bin/ruby_executable_hooks:22:in `eval&apos;&#10;/home/vitorpy/.rvm/gems/ruby-3.3.6/bin/ruby_executable_hooks:22:in `&lt;main&gt;&apos;&#10;&#10;Exit status of command &apos;/home/vitorpy/AndroidStudioProjects/DarklakeWallet/gradlew lint -p .&apos; was 1 instead of 0.&#10;Calculating task graph as no cached configuration is available for tasks: lint&#10;&#10;&gt; Configure project :libs:SolanaKT&#10;Build was configured to prefer settings repositories over project repositories but repository &apos;Google&apos; was added by build file &apos;libs/SolanaKT/build.gradle&apos;&#10;Build was configured to prefer settings repositories over project repositories but repository &apos;MavenRepo&apos; was added by build file &apos;libs/SolanaKT/build.gradle&apos;&#10;Build was configured to prefer settings repositories over project repositories but repository &apos;Google&apos; was added by build file &apos;libs/SolanaKT/build.gradle&apos;&#10;Build was configured to prefer settings repositories over project repositories but repository &apos;MavenRepo&apos; was added by build file &apos;libs/SolanaKT/build.gradle&apos;&#10;&#10;&gt; Task :libs:SolanaKT:solana:preBuild UP-TO-DATE&#10;&gt; Task :libs:SolanaKT:solana:preDebugBuild UP-TO-DATE&#10;&gt; Task :app:checkKotlinGradlePluginConfigurationErrors SKIPPED&#10;&gt; Task :libs:SolanaKT:solana:checkKotlinGradlePluginConfigurationErrors SKIPPED&#10;&gt; Task :app:preBuild UP-TO-DATE&#10;&gt; Task :libs:SolanaKT:solana:prepareLintJarForPublish UP-TO-DATE&#10;&gt; Task :app:extractProto UP-TO-DATE&#10;&gt; Task :libs:SolanaKT:solana:prepareDebugArtProfile UP-TO-DATE&#10;&gt; Task :app:preDebugBuild UP-TO-DATE&#10;&gt; Task :app:extractDebugProto UP-TO-DATE&#10;&gt; Task :libs:SolanaKT:solana:generateDebugResValues UP-TO-DATE&#10;&gt; Task :libs:SolanaKT:solana:writeDebugAarMetadata UP-TO-DATE&#10;&gt; Task :app:preDebugAndroidTestBuild SKIPPED&#10;&gt; Task :libs:SolanaKT:solana:mergeDebugShaders UP-TO-DATE&#10;&gt; Task :libs:SolanaKT:solana:mergeDebugJniLibFolders UP-TO-DATE&#10;&gt; Task :libs:SolanaKT:solana:extractDeepLinksForAarDebug UP-TO-DATE&#10;&gt; Task :libs:SolanaKT:solana:javaPreCompileDebug UP-TO-DATE&#10;&gt; Task :app:generateDebugResValues UP-TO-DATE&#10;&gt; Task :libs:SolanaKT:solana:compileDebugShaders NO-SOURCE&#10;&gt; Task :libs:SolanaKT:solana:mergeDebugNativeLibs NO-SOURCE&#10;&gt; Task :app:javaPreCompileDebug UP-TO-DATE&#10;&gt; Task :app:generateDebugBuildConfig UP-TO-DATE&#10;&gt; Task :libs:SolanaKT:solana:generateDebugBuildConfig UP-TO-DATE&#10;&gt; Task :libs:SolanaKT:solana:stripDebugDebugSymbols NO-SOURCE&#10;&gt; Task :libs:SolanaKT:solana:generateDebugAssets UP-TO-DATE&#10;&gt; Task :libs:SolanaKT:solana:generateDebugResources UP-TO-DATE&#10;&gt; Task :libs:SolanaKT:solana:extractDeepLinksDebug UP-TO-DATE&#10;&gt; Task :app:extractDeepLinksDebug UP-TO-DATE&#10;&gt; Task :app:generateDebugResources UP-TO-DATE&#10;&gt; Task :app:createDebugCompatibleScreenManifests UP-TO-DATE&#10;&gt; Task :app:extractProguardFiles UP-TO-DATE&#10;&gt; Task :libs:SolanaKT:solana:preDebugAndroidTestBuild UP-TO-DATE&#10;&gt; Task :app:preDebugUnitTestBuild UP-TO-DATE&#10;&gt; Task :libs:SolanaKT:solana:preDebugUnitTestBuild UP-TO-DATE&#10;&gt; Task :libs:SolanaKT:solana:copyDebugJniLibsProjectAndLocalJars UP-TO-DATE&#10;&gt; Task :libs:SolanaKT:solana:processDebugManifest UP-TO-DATE&#10;&gt; Task :libs:SolanaKT:solana:extractProguardFiles UP-TO-DATE&#10;&gt; Task :libs:SolanaKT:solana:mergeDebugAssets UP-TO-DATE&#10;&gt; Task :app:packageDebugResources UP-TO-DATE&#10;&gt; Task :app:checkDebugAarMetadata UP-TO-DATE&#10;&gt; Task :libs:SolanaKT:solana:packageDebugResources UP-TO-DATE&#10;&gt; Task :libs:SolanaKT:solana:parseDebugLocalResources UP-TO-DATE&#10;&gt; Task :libs:SolanaKT:solana:compileDebugLibraryResources UP-TO-DATE&#10;&gt; Task :app:parseDebugLocalResources UP-TO-DATE&#10;&gt; Task :libs:SolanaKT:solana:generateDebugRFile UP-TO-DATE&#10;&gt; Task :app:mapDebugSourceSetPaths UP-TO-DATE&#10;&gt; Task :app:mergeDebugResources UP-TO-DATE&#10;&gt; Task :app:generateDebugAndroidTestResValues FROM-CACHE&#10;&gt; Task :libs:SolanaKT:solana:generateDebugAndroidTestResValues FROM-CACHE&#10;&gt; Task :app:processDebugMainManifest UP-TO-DATE&#10;&gt; Task :libs:SolanaKT:solana:writeDebugLintModelMetadata&#10;&gt; Task :app:processDebugManifest UP-TO-DATE&#10;&gt; Task :app:processDebugManifestForPackage UP-TO-DATE&#10;&gt; Task :libs:SolanaKT:solana:compileDebugKotlin UP-TO-DATE&#10;&gt; Task :libs:SolanaKT:solana:extractDebugAnnotations UP-TO-DATE&#10;&gt; Task :libs:SolanaKT:solana:processDebugJavaRes UP-TO-DATE&#10;&gt; Task :libs:SolanaKT:solana:compileDebugJavaWithJavac UP-TO-DATE&#10;&gt; Task :libs:SolanaKT:solana:mergeDebugJavaResource UP-TO-DATE&#10;&gt; Task :libs:SolanaKT:solana:bundleLibRuntimeToJarDebug UP-TO-DATE&#10;&gt; Task :libs:SolanaKT:solana:bundleLibCompileToJarDebug UP-TO-DATE&#10;&gt; Task :libs:SolanaKT:solana:syncDebugLibJars UP-TO-DATE&#10;&gt; Task :libs:SolanaKT:solana:mergeDebugGeneratedProguardFiles UP-TO-DATE&#10;&gt; Task :libs:SolanaKT:solana:createFullJarDebug UP-TO-DATE&#10;&gt; Task :libs:SolanaKT:solana:mergeDebugConsumerProguardFiles UP-TO-DATE&#10;&gt; Task :app:extractIncludeDebugProto UP-TO-DATE&#10;&gt; Task :app:processDebugResources UP-TO-DATE&#10;&gt; Task :app:generateDebugProto UP-TO-DATE&#10;&gt; Task :libs:SolanaKT:solana:lintAnalyzeDebug FROM-CACHE&#10;&gt; Task :libs:SolanaKT:solana:generateDebugLintModel&#10;&gt; Task :libs:SolanaKT:solana:generateDebugLintReportModel&#10;&gt; Task :libs:SolanaKT:solana:bundleDebugLocalLintAar&#10;&gt; Task :app:compileDebugKotlin UP-TO-DATE&#10;&gt; Task :app:compileDebugJavaWithJavac UP-TO-DATE&#10;&gt; Task :libs:SolanaKT:solana:lintAnalyzeDebugAndroidTest FROM-CACHE&#10;&gt; Task :libs:SolanaKT:solana:lintAnalyzeDebugUnitTest FROM-CACHE&#10;&gt; Task :libs:SolanaKT:solana:generateDebugAndroidTestLintModel&#10;&gt; Task :libs:SolanaKT:solana:generateDebugUnitTestLintModel&#10;&gt; Task :app:generateDebugLintReportModel&#10;&gt; Task :app:bundleDebugClassesToCompileJar&#10;&gt; Task :app:generateDebugUnitTestLintModel&#10;&gt; Task :app:generateDebugAndroidTestLintModel&#10;&#10;&gt; Task :libs:SolanaKT:solana:lintReportDebug&#10;Wrote HTML report to file:///home/vitorpy/AndroidStudioProjects/DarklakeWallet/libs/SolanaKT/solana/build/reports/lint-results-debug.html&#10;Lint found 12 errors, 54 warnings and 1 hint. First failure:&#10;/home/vitorpy/AndroidStudioProjects/DarklakeWallet/libs/SolanaKT/solana/src/main/java/com/solana/vendor/borshj/Borsh.kt:30: Error: Call requires API level 24, or core library desugaring (current min is 19): java.util.Arrays#stream [NewApi]&#10;            Arrays.stream(klass.interfaces)&#10;                   ~~~~~~&#10;&#10;&#10;&gt; Task :libs:SolanaKT:solana:lintDebug FAILED&#10;Lint found 12 errors, 54 warnings, 1 hint. First failure:&#10;&#10;/home/vitorpy/AndroidStudioProjects/DarklakeWallet/libs/SolanaKT/solana/src/main/java/com/solana/vendor/borshj/Borsh.kt:30: Error: Call requires API level 24, or core library desugaring (current min is 19): java.util.Arrays#stream [NewApi]&#10;            Arrays.stream(klass.interfaces)&#10;                   ~~~~~~&#10;&#10;The full lint text report is located at:&#10;  /home/vitorpy/AndroidStudioProjects/DarklakeWallet/libs/SolanaKT/solana/build/intermediates/lint_intermediate_text_report/debug/lintReportDebug/lint-results-debug.txt&#10;&#10;&gt; Task :app:lintAnalyzeDebugAndroidTest&#10;&gt; Task :app:lintAnalyzeDebugUnitTest&#10;&gt; Task :app:lintAnalyzeDebug&#10;&#10;[Incubating] Problems report is available at: file:///home/vitorpy/AndroidStudioProjects/DarklakeWallet/build/reports/problems/problems-report.html&#10;&#10;FAILURE: Build failed with an exception.&#10;&#10;* What went wrong:&#10;Execution failed for task &apos;:libs:SolanaKT:solana:lintDebug&apos;.&#10;&gt; Lint found errors in the project; aborting build.&#10;  &#10;  Fix the issues identified by lint, or create a baseline to see only new errors.&#10;  To create a baseline, run `gradlew updateLintBaseline` after adding the following to the module&apos;s build.gradle file:&#10;  ```&#10;  android {&#10;      lint {&#10;          baseline = file(&quot;lint-baseline.xml&quot;)&#10;      }&#10;  }&#10;  ```&#10;  For more details, see https://developer.android.com/studio/write/lint#snapshot&#10;  &#10;  Lint found 12 errors, 54 warnings, 1 hint. First failure:&#10;  &#10;  /home/vitorpy/AndroidStudioProjects/DarklakeWallet/libs/SolanaKT/solana/src/main/java/com/solana/vendor/borshj/Borsh.kt:30: Error: Call requires API level 24, or core library desugaring (current min is 19): java.util.Arrays#stream [NewApi]&#10;              Arrays.stream(klass.interfaces)&#10;                     ~~~~~~&#10;  &#10;  The full lint text report is located at:&#10;    /home/vitorpy/AndroidStudioProjects/DarklakeWallet/libs/SolanaKT/solana/build/intermediates/lint_intermediate_text_report/debug/lintReportDebug/lint-results-debug.txt&#10;&#10;* Try:&#10;&gt; Run with --stacktrace option to get the stack trace.&#10;&gt; Run with --info or --debug option to get more log output.&#10;&gt; Run with --scan to get full insights.&#10;&gt; Get more help at https://help.gradle.org.&#10;&#10;Deprecated Gradle features were used in this build, making it incompatible with Gradle 9.0.&#10;&#10;You can use &apos;--warning-mode all&apos; to show the individual deprecation warnings and determine if they come from your own scripts or plugins.&#10;&#10;For more on this, please refer to https://docs.gradle.org/8.13/userguide/command_line_interface.html#sec:command_line_warnings in the Gradle documentation.&#10;&#10;BUILD FAILED in 22s&#10;72 actionable tasks: 15 executed, 5 from cache, 52 up-to-date&#10;Configuration cache entry stored.&#10;" />
        
      </testcase>
    
  </testsuite>
</testsuites>
